<?xml version="1.0" encoding="UTF-8"?>
<testsuite name="StringGeneratorTest" tests="1" skipped="0" failures="0" errors="0" timestamp="2015-11-28T18:02:15" hostname="AdamPC" time="0.002">
  <properties/>
  <testcase name="testSay" classname="StringGeneratorTest" time="0.002"/>
  <system-out><![CDATA[]]></system-out>
  <system-err><![CDATA[]]></system-err>
</testsuite>
